{"C:\\Users\\amogh\\OneDrive\\Desktop\\practice webdev\\copy\\copy-swiggy\\src\\components\\ContactUs.js": {"path":"C:\\Users\\amogh\\OneDrive\\Desktop\\practice webdev\\copy\\copy-swiggy\\src\\components\\ContactUs.js","statementMap":{"0":{"start":{"line":1,"column":18},"end":{"line":16,"column":1}},"1":{"start":{"line":2,"column":4},"end":{"line":15,"column":5}}},"fnMap":{"0":{"name":"(anonymous_0)","decl":{"start":{"line":1,"column":18},"end":{"line":1,"column":19}},"loc":{"start":{"line":1,"column":23},"end":{"line":16,"column":1}},"line":1}},"branchMap":{},"s":{"0":1,"1":3},"f":{"0":3},"b":{},"_coverageSchema":"1a1c01bbd47fc00a2c39e90264f33305004495a9","hash":"faa04b758345c35d8059ab1727eeb770ae8d2b97"}
,"C:\\Users\\amogh\\OneDrive\\Desktop\\practice webdev\\copy\\copy-swiggy\\src\\components\\Header.js": {"path":"C:\\Users\\amogh\\OneDrive\\Desktop\\practice webdev\\copy\\copy-swiggy\\src\\components\\Header.js","statementMap":{"0":{"start":{"line":7,"column":16},"end":{"line":42,"column":1}},"1":{"start":{"line":8,"column":35},"end":{"line":8,"column":52}},"2":{"start":{"line":9,"column":25},"end":{"line":9,"column":42}},"3":{"start":{"line":10,"column":27},"end":{"line":10,"column":50}},"4":{"start":{"line":13,"column":22},"end":{"line":15,"column":5}},"5":{"start":{"line":14,"column":8},"end":{"line":14,"column":24}},"6":{"start":{"line":18,"column":4},"end":{"line":41,"column":5}},"7":{"start":{"line":30,"column":24},"end":{"line":35,"column":25}},"8":{"start":{"line":31,"column":28},"end":{"line":31,"column":50}},"9":{"start":{"line":34,"column":28},"end":{"line":34,"column":48}}},"fnMap":{"0":{"name":"(anonymous_0)","decl":{"start":{"line":7,"column":16},"end":{"line":7,"column":17}},"loc":{"start":{"line":7,"column":21},"end":{"line":42,"column":1}},"line":7},"1":{"name":"(anonymous_1)","decl":{"start":{"line":13,"column":34},"end":{"line":13,"column":35}},"loc":{"start":{"line":14,"column":8},"end":{"line":14,"column":24}},"line":14},"2":{"name":"(anonymous_2)","decl":{"start":{"line":29,"column":99},"end":{"line":29,"column":100}},"loc":{"start":{"line":29,"column":103},"end":{"line":36,"column":21}},"line":29}},"branchMap":{"0":{"loc":{"start":{"line":23,"column":48},"end":{"line":23,"column":68}},"type":"cond-expr","locations":[{"start":{"line":23,"column":61},"end":{"line":23,"column":64}},{"start":{"line":23,"column":65},"end":{"line":23,"column":68}}],"line":23},"1":{"loc":{"start":{"line":30,"column":24},"end":{"line":35,"column":25}},"type":"if","locations":[{"start":{"line":30,"column":24},"end":{"line":35,"column":25}},{"start":{"line":33,"column":28},"end":{"line":35,"column":25}}],"line":30}},"s":{"0":1,"1":4,"2":4,"3":4,"4":4,"5":7,"6":4,"7":1,"8":1,"9":0},"f":{"0":4,"1":7,"2":1},"b":{"0":[4,0],"1":[1,0]},"_coverageSchema":"1a1c01bbd47fc00a2c39e90264f33305004495a9","hash":"899eb6802a724745900cedddd19ee5080268a0af"}
,"C:\\Users\\amogh\\OneDrive\\Desktop\\practice webdev\\copy\\copy-swiggy\\src\\components\\RestaurantCard.js": {"path":"C:\\Users\\amogh\\OneDrive\\Desktop\\practice webdev\\copy\\copy-swiggy\\src\\components\\RestaurantCard.js","statementMap":{"0":{"start":{"line":3,"column":23},"end":{"line":16,"column":1}},"1":{"start":{"line":4,"column":22},"end":{"line":4,"column":27}},"2":{"start":{"line":7,"column":4},"end":{"line":15,"column":5}},"3":{"start":{"line":21,"column":33},"end":{"line":30,"column":1}},"4":{"start":{"line":22,"column":4},"end":{"line":29,"column":5}},"5":{"start":{"line":23,"column":8},"end":{"line":28,"column":9}}},"fnMap":{"0":{"name":"(anonymous_0)","decl":{"start":{"line":3,"column":23},"end":{"line":3,"column":24}},"loc":{"start":{"line":3,"column":33},"end":{"line":16,"column":1}},"line":3},"1":{"name":"(anonymous_1)","decl":{"start":{"line":21,"column":33},"end":{"line":21,"column":34}},"loc":{"start":{"line":21,"column":52},"end":{"line":30,"column":1}},"line":21},"2":{"name":"(anonymous_2)","decl":{"start":{"line":22,"column":11},"end":{"line":22,"column":12}},"loc":{"start":{"line":22,"column":21},"end":{"line":29,"column":5}},"line":22}},"branchMap":{},"s":{"0":2,"1":21,"2":21,"3":2,"4":3,"5":10},"f":{"0":21,"1":3,"2":10},"b":{},"_coverageSchema":"1a1c01bbd47fc00a2c39e90264f33305004495a9","hash":"fe9328e0e529a0899bd4af4f4bd6e29b369a2e9c"}
,"C:\\Users\\amogh\\OneDrive\\Desktop\\practice webdev\\copy\\copy-swiggy\\src\\components\\Shimmer.js": {"path":"C:\\Users\\amogh\\OneDrive\\Desktop\\practice webdev\\copy\\copy-swiggy\\src\\components\\Shimmer.js","statementMap":{"0":{"start":{"line":1,"column":16},"end":{"line":22,"column":1}},"1":{"start":{"line":2,"column":4},"end":{"line":21,"column":5}}},"fnMap":{"0":{"name":"(anonymous_0)","decl":{"start":{"line":1,"column":16},"end":{"line":1,"column":17}},"loc":{"start":{"line":1,"column":21},"end":{"line":22,"column":1}},"line":1}},"branchMap":{},"s":{"0":1,"1":2},"f":{"0":2},"b":{},"_coverageSchema":"1a1c01bbd47fc00a2c39e90264f33305004495a9","hash":"b7e68519f6f7aef8530b756b80ed3ef91075c78b"}
,"C:\\Users\\amogh\\OneDrive\\Desktop\\practice webdev\\copy\\copy-swiggy\\src\\components\\body.js": {"path":"C:\\Users\\amogh\\OneDrive\\Desktop\\practice webdev\\copy\\copy-swiggy\\src\\components\\body.js","statementMap":{"0":{"start":{"line":9,"column":13},"end":{"line":91,"column":1}},"1":{"start":{"line":10,"column":47},"end":{"line":10,"column":59}},"2":{"start":{"line":11,"column":51},"end":{"line":11,"column":63}},"3":{"start":{"line":12,"column":39},"end":{"line":12,"column":51}},"4":{"start":{"line":14,"column":35},"end":{"line":14,"column":68}},"5":{"start":{"line":16,"column":4},"end":{"line":18,"column":9}},"6":{"start":{"line":17,"column":8},"end":{"line":17,"column":20}},"7":{"start":{"line":20,"column":22},"end":{"line":27,"column":5}},"8":{"start":{"line":21,"column":21},"end":{"line":21,"column":44}},"9":{"start":{"line":22,"column":21},"end":{"line":22,"column":38}},"10":{"start":{"line":25,"column":8},"end":{"line":25,"column":102}},"11":{"start":{"line":26,"column":8},"end":{"line":26,"column":103}},"12":{"start":{"line":29,"column":25},"end":{"line":29,"column":42}},"13":{"start":{"line":30,"column":4},"end":{"line":33,"column":9}},"14":{"start":{"line":31,"column":8},"end":{"line":33,"column":9}},"15":{"start":{"line":35,"column":39},"end":{"line":35,"column":62}},"16":{"start":{"line":38,"column":4},"end":{"line":40,"column":5}},"17":{"start":{"line":39,"column":8},"end":{"line":39,"column":26}},"18":{"start":{"line":43,"column":4},"end":{"line":90,"column":5}},"19":{"start":{"line":49,"column":24},"end":{"line":49,"column":54}},"20":{"start":{"line":52,"column":49},"end":{"line":52,"column":150}},"21":{"start":{"line":52,"column":79},"end":{"line":52,"column":148}},"22":{"start":{"line":53,"column":24},"end":{"line":53,"column":62}},"23":{"start":{"line":59,"column":20},"end":{"line":59,"column":56}},"24":{"start":{"line":62,"column":39},"end":{"line":64,"column":22}},"25":{"start":{"line":63,"column":24},"end":{"line":63,"column":55}},"26":{"start":{"line":65,"column":20},"end":{"line":65,"column":52}},"27":{"start":{"line":70,"column":24},"end":{"line":70,"column":51}},"28":{"start":{"line":78,"column":24},"end":{"line":85,"column":31}}},"fnMap":{"0":{"name":"(anonymous_0)","decl":{"start":{"line":9,"column":13},"end":{"line":9,"column":14}},"loc":{"start":{"line":9,"column":18},"end":{"line":91,"column":1}},"line":9},"1":{"name":"(anonymous_1)","decl":{"start":{"line":16,"column":14},"end":{"line":16,"column":15}},"loc":{"start":{"line":16,"column":18},"end":{"line":18,"column":5}},"line":16},"2":{"name":"(anonymous_2)","decl":{"start":{"line":20,"column":22},"end":{"line":20,"column":23}},"loc":{"start":{"line":20,"column":32},"end":{"line":27,"column":5}},"line":20},"3":{"name":"(anonymous_3)","decl":{"start":{"line":48,"column":139},"end":{"line":48,"column":140}},"loc":{"start":{"line":48,"column":144},"end":{"line":50,"column":21}},"line":48},"4":{"name":"(anonymous_4)","decl":{"start":{"line":51,"column":127},"end":{"line":51,"column":128}},"loc":{"start":{"line":51,"column":131},"end":{"line":54,"column":21}},"line":51},"5":{"name":"(anonymous_5)","decl":{"start":{"line":52,"column":71},"end":{"line":52,"column":72}},"loc":{"start":{"line":52,"column":78},"end":{"line":52,"column":149}},"line":52},"6":{"name":"(anonymous_6)","decl":{"start":{"line":58,"column":99},"end":{"line":58,"column":100}},"loc":{"start":{"line":58,"column":103},"end":{"line":60,"column":17}},"line":58},"7":{"name":"(anonymous_7)","decl":{"start":{"line":61,"column":99},"end":{"line":61,"column":100}},"loc":{"start":{"line":61,"column":103},"end":{"line":66,"column":17}},"line":61},"8":{"name":"(anonymous_8)","decl":{"start":{"line":62,"column":61},"end":{"line":62,"column":62}},"loc":{"start":{"line":62,"column":69},"end":{"line":64,"column":21}},"line":62},"9":{"name":"(anonymous_9)","decl":{"start":{"line":69,"column":141},"end":{"line":69,"column":142}},"loc":{"start":{"line":69,"column":146},"end":{"line":71,"column":21}},"line":69},"10":{"name":"(anonymous_10)","decl":{"start":{"line":76,"column":41},"end":{"line":76,"column":42}},"loc":{"start":{"line":78,"column":24},"end":{"line":85,"column":31}},"line":78}},"branchMap":{"0":{"loc":{"start":{"line":30,"column":4},"end":{"line":33,"column":9}},"type":"if","locations":[{"start":{"line":30,"column":4},"end":{"line":33,"column":9}},{"start":{},"end":{}}],"line":30},"1":{"loc":{"start":{"line":38,"column":4},"end":{"line":40,"column":5}},"type":"if","locations":[{"start":{"line":38,"column":4},"end":{"line":40,"column":5}},{"start":{},"end":{}}],"line":38},"2":{"loc":{"start":{"line":81,"column":32},"end":{"line":83,"column":73}},"type":"cond-expr","locations":[{"start":{"line":82,"column":34},"end":{"line":82,"column":81}},{"start":{"line":83,"column":34},"end":{"line":83,"column":73}}],"line":81}},"s":{"0":1,"1":4,"2":3,"3":3,"4":3,"5":3,"6":2,"7":3,"8":2,"9":2,"10":2,"11":2,"12":3,"13":3,"14":0,"15":3,"16":3,"17":2,"18":1,"19":0,"20":0,"21":0,"22":0,"23":0,"24":0,"25":0,"26":0,"27":0,"28":20},"f":{"0":4,"1":2,"2":2,"3":0,"4":0,"5":0,"6":0,"7":0,"8":0,"9":0,"10":20},"b":{"0":[0,3],"1":[2,1],"2":[10,10]},"_coverageSchema":"1a1c01bbd47fc00a2c39e90264f33305004495a9","hash":"cdfb3ffc93fb4cff096f2542241c46e30172f0f8"}
,"C:\\Users\\amogh\\OneDrive\\Desktop\\practice webdev\\copy\\copy-swiggy\\src\\components\\sum.js": {"path":"C:\\Users\\amogh\\OneDrive\\Desktop\\practice webdev\\copy\\copy-swiggy\\src\\components\\sum.js","statementMap":{"0":{"start":{"line":1,"column":19},"end":{"line":3,"column":1}},"1":{"start":{"line":2,"column":4},"end":{"line":2,"column":15}}},"fnMap":{"0":{"name":"(anonymous_0)","decl":{"start":{"line":1,"column":19},"end":{"line":1,"column":20}},"loc":{"start":{"line":1,"column":28},"end":{"line":3,"column":1}},"line":1}},"branchMap":{},"s":{"0":1,"1":1},"f":{"0":1},"b":{},"_coverageSchema":"1a1c01bbd47fc00a2c39e90264f33305004495a9","hash":"ade07b8dce3a26397a3795bf61f9d1ca516ae5f4"}
,"C:\\Users\\amogh\\OneDrive\\Desktop\\practice webdev\\copy\\copy-swiggy\\src\\utils\\UserContext.js": {"path":"C:\\Users\\amogh\\OneDrive\\Desktop\\practice webdev\\copy\\copy-swiggy\\src\\utils\\UserContext.js","statementMap":{"0":{"start":{"line":3,"column":20},"end":{"line":5,"column":2}}},"fnMap":{},"branchMap":{},"s":{"0":2},"f":{},"b":{},"_coverageSchema":"1a1c01bbd47fc00a2c39e90264f33305004495a9","hash":"1dc46837c70547b757f978010fe60920bde5ffcd"}
,"C:\\Users\\amogh\\OneDrive\\Desktop\\practice webdev\\copy\\copy-swiggy\\src\\utils\\appStore.js": {"path":"C:\\Users\\amogh\\OneDrive\\Desktop\\practice webdev\\copy\\copy-swiggy\\src\\utils\\appStore.js","statementMap":{"0":{"start":{"line":6,"column":17},"end":{"line":10,"column":2}}},"fnMap":{},"branchMap":{},"s":{"0":1},"f":{},"b":{},"_coverageSchema":"1a1c01bbd47fc00a2c39e90264f33305004495a9","hash":"6e5b63adf4bc0c8fee34fa1a9bd1b2fd08475930"}
,"C:\\Users\\amogh\\OneDrive\\Desktop\\practice webdev\\copy\\copy-swiggy\\src\\utils\\cartSlice.js": {"path":"C:\\Users\\amogh\\OneDrive\\Desktop\\practice webdev\\copy\\copy-swiggy\\src\\utils\\cartSlice.js","statementMap":{"0":{"start":{"line":4,"column":18},"end":{"line":21,"column":2}},"1":{"start":{"line":12,"column":12},"end":{"line":12,"column":45}},"2":{"start":{"line":15,"column":12},"end":{"line":15,"column":30}},"3":{"start":{"line":18,"column":12},"end":{"line":18,"column":35}},"4":{"start":{"line":23,"column":47},"end":{"line":23,"column":64}}},"fnMap":{"0":{"name":"(anonymous_0)","decl":{"start":{"line":10,"column":16},"end":{"line":10,"column":17}},"loc":{"start":{"line":10,"column":32},"end":{"line":13,"column":9}},"line":10},"1":{"name":"(anonymous_1)","decl":{"start":{"line":14,"column":19},"end":{"line":14,"column":20}},"loc":{"start":{"line":14,"column":28},"end":{"line":16,"column":9}},"line":14},"2":{"name":"(anonymous_2)","decl":{"start":{"line":17,"column":19},"end":{"line":17,"column":20}},"loc":{"start":{"line":17,"column":28},"end":{"line":19,"column":9}},"line":17}},"branchMap":{},"s":{"0":1,"1":0,"2":0,"3":0,"4":1},"f":{"0":0,"1":0,"2":0},"b":{},"_coverageSchema":"1a1c01bbd47fc00a2c39e90264f33305004495a9","hash":"ef4bfadd27aab3d746f20a2ddd6b216f4eb8f58f"}
,"C:\\Users\\amogh\\OneDrive\\Desktop\\practice webdev\\copy\\copy-swiggy\\src\\utils\\links.js": {"path":"C:\\Users\\amogh\\OneDrive\\Desktop\\practice webdev\\copy\\copy-swiggy\\src\\utils\\links.js","statementMap":{"0":{"start":{"line":1,"column":26},"end":{"line":1,"column":160}},"1":{"start":{"line":2,"column":27},"end":{"line":2,"column":110}},"2":{"start":{"line":3,"column":27},"end":{"line":3,"column":146}},"3":{"start":{"line":4,"column":25},"end":{"line":4,"column":120}}},"fnMap":{},"branchMap":{},"s":{"0":2,"1":2,"2":2,"3":2},"f":{},"b":{},"_coverageSchema":"1a1c01bbd47fc00a2c39e90264f33305004495a9","hash":"59b43460aa59784950b4752f7612df8126efae3c"}
,"C:\\Users\\amogh\\OneDrive\\Desktop\\practice webdev\\copy\\copy-swiggy\\src\\utils\\useOnlineStatus.js": {"path":"C:\\Users\\amogh\\OneDrive\\Desktop\\practice webdev\\copy\\copy-swiggy\\src\\utils\\useOnlineStatus.js","statementMap":{"0":{"start":{"line":3,"column":24},"end":{"line":19,"column":1}},"1":{"start":{"line":4,"column":43},"end":{"line":4,"column":57}},"2":{"start":{"line":7,"column":4},"end":{"line":15,"column":9}},"3":{"start":{"line":8,"column":8},"end":{"line":10,"column":10}},"4":{"start":{"line":9,"column":12},"end":{"line":9,"column":35}},"5":{"start":{"line":12,"column":8},"end":{"line":14,"column":10}},"6":{"start":{"line":13,"column":12},"end":{"line":13,"column":34}},"7":{"start":{"line":18,"column":4},"end":{"line":18,"column":24}}},"fnMap":{"0":{"name":"(anonymous_0)","decl":{"start":{"line":3,"column":24},"end":{"line":3,"column":25}},"loc":{"start":{"line":3,"column":29},"end":{"line":19,"column":1}},"line":3},"1":{"name":"(anonymous_1)","decl":{"start":{"line":7,"column":14},"end":{"line":7,"column":15}},"loc":{"start":{"line":7,"column":18},"end":{"line":15,"column":5}},"line":7},"2":{"name":"(anonymous_2)","decl":{"start":{"line":8,"column":42},"end":{"line":8,"column":43}},"loc":{"start":{"line":8,"column":46},"end":{"line":10,"column":9}},"line":8},"3":{"name":"(anonymous_3)","decl":{"start":{"line":12,"column":41},"end":{"line":12,"column":42}},"loc":{"start":{"line":12,"column":45},"end":{"line":14,"column":9}},"line":12}},"branchMap":{},"s":{"0":2,"1":7,"2":7,"3":5,"4":0,"5":5,"6":0,"7":7},"f":{"0":7,"1":5,"2":0,"3":0},"b":{},"_coverageSchema":"1a1c01bbd47fc00a2c39e90264f33305004495a9","hash":"36165340bb11d193fde3cd34906ebb8af0c80374"}
}
