{"C:\\Users\\amogh\\OneDrive\\Desktop\\practice webdev\\copy\\copy-swiggy\\src\\components\\ContactUs.js": {"path":"C:\\Users\\amogh\\OneDrive\\Desktop\\practice webdev\\copy\\copy-swiggy\\src\\components\\ContactUs.js","statementMap":{"0":{"start":{"line":1,"column":18},"end":{"line":16,"column":1}},"1":{"start":{"line":2,"column":4},"end":{"line":15,"column":5}}},"fnMap":{"0":{"name":"(anonymous_0)","decl":{"start":{"line":1,"column":18},"end":{"line":1,"column":19}},"loc":{"start":{"line":1,"column":23},"end":{"line":16,"column":1}},"line":1}},"branchMap":{},"s":{"0":1,"1":1},"f":{"0":1},"b":{},"_coverageSchema":"1a1c01bbd47fc00a2c39e90264f33305004495a9","hash":"faa04b758345c35d8059ab1727eeb770ae8d2b97"}
,"C:\\Users\\amogh\\OneDrive\\Desktop\\practice webdev\\copy\\copy-swiggy\\src\\components\\sum.js": {"path":"C:\\Users\\amogh\\OneDrive\\Desktop\\practice webdev\\copy\\copy-swiggy\\src\\components\\sum.js","statementMap":{"0":{"start":{"line":1,"column":19},"end":{"line":3,"column":1}},"1":{"start":{"line":2,"column":4},"end":{"line":2,"column":15}}},"fnMap":{"0":{"name":"(anonymous_0)","decl":{"start":{"line":1,"column":19},"end":{"line":1,"column":20}},"loc":{"start":{"line":1,"column":28},"end":{"line":3,"column":1}},"line":1}},"branchMap":{},"s":{"0":1,"1":1},"f":{"0":1},"b":{},"_coverageSchema":"1a1c01bbd47fc00a2c39e90264f33305004495a9","hash":"ade07b8dce3a26397a3795bf61f9d1ca516ae5f4"}
}
